<?xml version="1.0" encoding="UTF-8"?>
<!-- Generated by org.testng.reporters.JUnitReportReporter -->
<testsuite hostname="LEGION" failures="0" tests="1" name="testCases.TS_001AccountRegistration.TC_RF_004_RegisterNewsletterYesTest" time="2.770" errors="0" timestamp="2025-09-28T11:26:35 IST" skipped="0">
  <testcase classname="testCases.TS_001AccountRegistration.TC_RF_004_RegisterNewsletterYesTest" name="verify_register_with_newsletter_yes" time="2.770"/>
</testsuite> <!-- testCases.TS_001AccountRegistration.TC_RF_004_RegisterNewsletterYesTest -->
