<?xml version="1.0" encoding="UTF-8"?>
<!-- Generated by org.testng.reporters.JUnitReportReporter -->
<testsuite hostname="LEGION" failures="0" tests="1" name="testCases.TS_001_AccountRegistration.TC_RF_006_ValidateNavigateRegisterPageTest" time="5.777" errors="0" timestamp="2025-10-09T20:30:31 IST" skipped="0">
  <testcase classname="testCases.TS_001_AccountRegistration.TC_RF_006_ValidateNavigateRegisterPageTest" name="verify_navigation_to_register_page" time="5.777"/>
</testsuite> <!-- testCases.TS_001_AccountRegistration.TC_RF_006_ValidateNavigateRegisterPageTest -->
