<?xml version="1.0" encoding="UTF-8"?>
<!-- Generated by org.testng.reporters.JUnitReportReporter -->
<testsuite hostname="LEGION" failures="0" tests="1" name="testCases.TS_001_AccountRegistration.TC_RF_008_ValidateInvalidEmailRegistrationTest" time="5.762" errors="0" timestamp="2025-10-09T20:30:31 IST" skipped="0">
  <testcase classname="testCases.TS_001_AccountRegistration.TC_RF_008_ValidateInvalidEmailRegistrationTest" name="verify_registration_with_invalid_emails" time="5.762"/>
</testsuite> <!-- testCases.TS_001_AccountRegistration.TC_RF_008_ValidateInvalidEmailRegistrationTest -->
