<?xml version="1.0" encoding="UTF-8"?>
<!-- Generated by org.testng.reporters.JUnitReportReporter -->
<testsuite hostname="LEGION" failures="0" tests="1" name="testCases.TS_001AccountRegistration.TC_RF_001_AccountRegistrationTest" time="3.138" errors="0" timestamp="2025-09-28T11:26:35 IST" skipped="0">
  <testcase classname="testCases.TS_001AccountRegistration.TC_RF_001_AccountRegistrationTest" name="verify_account_registration" time="3.138"/>
</testsuite> <!-- testCases.TS_001AccountRegistration.TC_RF_001_AccountRegistrationTest -->
