<?xml version="1.0" encoding="UTF-8"?>
<!-- Generated by org.testng.reporters.JUnitReportReporter -->
<testsuite hostname="LEGION" failures="0" tests="1" name="testCases.TS_001_AccountRegistration.TC_RF_009_ValidateMissingPasswordConfirmTest" time="1.172" errors="0" timestamp="2025-10-09T20:30:31 IST" skipped="0">
  <testcase classname="testCases.TS_001_AccountRegistration.TC_RF_009_ValidateMissingPasswordConfirmTest" name="verify_register_without_password_confirm" time="1.172"/>
</testsuite> <!-- testCases.TS_001_AccountRegistration.TC_RF_009_ValidateMissingPasswordConfirmTest -->
