<?xml version="1.0" encoding="UTF-8"?>
<!-- Generated by org.testng.reporters.JUnitReportReporter -->
<testsuite hostname="LEGION" failures="0" tests="1" name="testCases.TS_001_AccountRegistration.TC_RF_004_ValidateRegisterNewsletterYesTest" time="2.032" errors="0" timestamp="2025-10-09T20:30:31 IST" skipped="0">
  <testcase classname="testCases.TS_001_AccountRegistration.TC_RF_004_ValidateRegisterNewsletterYesTest" name="verify_register_with_newsletter_yes" time="2.032"/>
</testsuite> <!-- testCases.TS_001_AccountRegistration.TC_RF_004_ValidateRegisterNewsletterYesTest -->
